<?xml version="1.0" encoding="UTF-8"?>
<!-- Generated by org.testng.reporters.JUnitReportReporter -->
<testsuite hostname="DESKTOP-2QNBM3V" failures="0" tests="1" name="com.tests.LoginTest" time="10.557" errors="0" timestamp="2024-09-24T17:34:55 IST" skipped="0">
  <testcase classname="com.tests.LoginTest" name="testValidLogin" time="10.557"/>
</testsuite> <!-- com.tests.LoginTest -->
