<?xml version="1.0" encoding="UTF-8"?>
<!-- Generated by org.testng.reporters.JUnitReportReporter -->
<testsuite hostname="DESKTOP-2QNBM3V" failures="0" tests="5" name="com.tests.HomePageTest" time="70.502" errors="0" timestamp="2024-09-24T17:34:55 IST" skipped="0">
  <testcase classname="com.tests.HomePageTest" name="testCompletePurchaseProcess" time="21.411"/>
  <testcase classname="com.tests.HomePageTest" name="testWomensClothesLink" time="14.055"/>
  <testcase classname="com.tests.HomePageTest" name="assesorisStationaryLink" time="14.406"/>
  <testcase classname="com.tests.HomePageTest" name="assesorisHomeLink" time="11.871"/>
  <testcase classname="com.tests.HomePageTest" name="artHomeLink" time="8.759"/>
</testsuite> <!-- com.tests.HomePageTest -->
