<?xml version="1.0" encoding="UTF-8"?>
<!-- Generated by org.testng.reporters.JUnitReportReporter -->
<testsuite hostname="DESKTOP-2QNBM3V" failures="0" tests="1" name="com.tests.MyaccountTest" time="5.351" errors="0" timestamp="2024-09-26T00:01:46 IST" skipped="0">
  <testcase classname="com.tests.MyaccountTest" name="MyaccountTest" time="5.351"/>
</testsuite> <!-- com.tests.MyaccountTest -->
